2024-12-10 09:51:31 上午 [Thread: main][ Class:org.apache.hadoop.conf.Configuration.deprecation >> Method: org.apache.hadoop.conf.Configuration.warnOnceIfDeprecated(Configuration.java:1243) ]
INFO:session.id is deprecated. Instead, use dfs.metrics.session-id
2024-12-10 09:51:31 上午 [Thread: main][ Class:org.apache.hadoop.metrics.jvm.JvmMetrics >> Method: org.apache.hadoop.metrics.jvm.JvmMetrics.init(JvmMetrics.java:76) ]
INFO:Initializing JVM Metrics with processName=JobTracker, sessionId=
2024-12-10 09:51:32 上午 [Thread: main][ Class:org.apache.hadoop.mapreduce.JobResourceUploader >> Method: org.apache.hadoop.mapreduce.JobResourceUploader.uploadFiles(JobResourceUploader.java:64) ]
WARN:Hadoop command-line option parsing not performed. Implement the Tool interface and execute your application with ToolRunner to remedy this.
2024-12-10 09:51:32 上午 [Thread: main][ Class:org.apache.hadoop.mapreduce.JobResourceUploader >> Method: org.apache.hadoop.mapreduce.JobResourceUploader.uploadFiles(JobResourceUploader.java:171) ]
WARN:No job jar file set.  User classes may not be found. See Job or Job#setJar(String).
2024-12-10 09:51:32 上午 [Thread: main][ Class:org.apache.hadoop.mapreduce.lib.input.FileInputFormat >> Method: org.apache.hadoop.mapreduce.lib.input.FileInputFormat.listStatus(FileInputFormat.java:283) ]
INFO:Total input paths to process : 2
2024-12-10 09:51:32 上午 [Thread: main][ Class:org.apache.hadoop.mapreduce.JobSubmitter >> Method: org.apache.hadoop.mapreduce.JobSubmitter.submitJobInternal(JobSubmitter.java:198) ]
INFO:number of splits:2
2024-12-10 09:51:32 上午 [Thread: main][ Class:org.apache.hadoop.mapreduce.JobSubmitter >> Method: org.apache.hadoop.mapreduce.JobSubmitter.printTokens(JobSubmitter.java:287) ]
INFO:Submitting tokens for job: job_local242806629_0001
2024-12-10 09:51:33 上午 [Thread: main][ Class:org.apache.hadoop.mapreduce.Job >> Method: org.apache.hadoop.mapreduce.Job.submit(Job.java:1294) ]
INFO:The url to track the job: http://localhost:8080/
2024-12-10 09:51:33 上午 [Thread: main][ Class:org.apache.hadoop.mapreduce.Job >> Method: org.apache.hadoop.mapreduce.Job.monitorAndPrintJob(Job.java:1339) ]
INFO:Running job: job_local242806629_0001
2024-12-10 09:51:33 上午 [Thread: Thread-5][ Class:org.apache.hadoop.mapred.LocalJobRunner >> Method: org.apache.hadoop.mapred.LocalJobRunner$Job.createOutputCommitter(LocalJobRunner.java:471) ]
INFO:OutputCommitter set in config null
2024-12-10 09:51:33 上午 [Thread: Thread-5][ Class:org.apache.hadoop.mapreduce.lib.output.FileOutputCommitter >> Method: org.apache.hadoop.mapreduce.lib.output.FileOutputCommitter.<init>(FileOutputCommitter.java:108) ]
INFO:File Output Committer Algorithm version is 1
2024-12-10 09:51:33 上午 [Thread: Thread-5][ Class:org.apache.hadoop.mapred.LocalJobRunner >> Method: org.apache.hadoop.mapred.LocalJobRunner$Job.createOutputCommitter(LocalJobRunner.java:489) ]
INFO:OutputCommitter is org.apache.hadoop.mapreduce.lib.output.FileOutputCommitter
2024-12-10 09:51:33 上午 [Thread: Thread-5][ Class:org.apache.hadoop.mapred.LocalJobRunner >> Method: org.apache.hadoop.mapred.LocalJobRunner$Job.runTasks(LocalJobRunner.java:448) ]
INFO:Waiting for map tasks
2024-12-10 09:51:33 上午 [Thread: LocalJobRunner Map Task Executor #0][ Class:org.apache.hadoop.mapred.LocalJobRunner >> Method: org.apache.hadoop.mapred.LocalJobRunner$Job$MapTaskRunnable.run(LocalJobRunner.java:224) ]
INFO:Starting task: attempt_local242806629_0001_m_000000_0
2024-12-10 09:51:33 上午 [Thread: LocalJobRunner Map Task Executor #0][ Class:org.apache.hadoop.mapreduce.lib.output.FileOutputCommitter >> Method: org.apache.hadoop.mapreduce.lib.output.FileOutputCommitter.<init>(FileOutputCommitter.java:108) ]
INFO:File Output Committer Algorithm version is 1
2024-12-10 09:51:33 上午 [Thread: LocalJobRunner Map Task Executor #0][ Class:org.apache.hadoop.yarn.util.ProcfsBasedProcessTree >> Method: org.apache.hadoop.yarn.util.ProcfsBasedProcessTree.isAvailable(ProcfsBasedProcessTree.java:192) ]
INFO:ProcfsBasedProcessTree currently is supported only on Linux.
2024-12-10 09:51:33 上午 [Thread: LocalJobRunner Map Task Executor #0][ Class:org.apache.hadoop.mapred.Task >> Method: org.apache.hadoop.mapred.Task.initialize(Task.java:614) ]
INFO: Using ResourceCalculatorProcessTree : org.apache.hadoop.yarn.util.WindowsBasedProcessTree@7aabb925
2024-12-10 09:51:33 上午 [Thread: LocalJobRunner Map Task Executor #0][ Class:org.apache.hadoop.mapred.MapTask >> Method: org.apache.hadoop.mapred.MapTask.runNewMapper(MapTask.java:756) ]
INFO:Processing split: file:/D:/hadoop/input/word.txt:0+36
2024-12-10 09:51:33 上午 [Thread: LocalJobRunner Map Task Executor #0][ Class:org.apache.hadoop.mapred.MapTask >> Method: org.apache.hadoop.mapred.MapTask$MapOutputBuffer.setEquator(MapTask.java:1205) ]
INFO:(EQUATOR) 0 kvi 26214396(104857584)
2024-12-10 09:51:33 上午 [Thread: LocalJobRunner Map Task Executor #0][ Class:org.apache.hadoop.mapred.MapTask >> Method: org.apache.hadoop.mapred.MapTask$MapOutputBuffer.init(MapTask.java:998) ]
INFO:mapreduce.task.io.sort.mb: 100
2024-12-10 09:51:33 上午 [Thread: LocalJobRunner Map Task Executor #0][ Class:org.apache.hadoop.mapred.MapTask >> Method: org.apache.hadoop.mapred.MapTask$MapOutputBuffer.init(MapTask.java:999) ]
INFO:soft limit at 83886080
2024-12-10 09:51:33 上午 [Thread: LocalJobRunner Map Task Executor #0][ Class:org.apache.hadoop.mapred.MapTask >> Method: org.apache.hadoop.mapred.MapTask$MapOutputBuffer.init(MapTask.java:1000) ]
INFO:bufstart = 0; bufvoid = 104857600
2024-12-10 09:51:33 上午 [Thread: LocalJobRunner Map Task Executor #0][ Class:org.apache.hadoop.mapred.MapTask >> Method: org.apache.hadoop.mapred.MapTask$MapOutputBuffer.init(MapTask.java:1001) ]
INFO:kvstart = 26214396; length = 6553600
2024-12-10 09:51:33 上午 [Thread: LocalJobRunner Map Task Executor #0][ Class:org.apache.hadoop.mapred.MapTask >> Method: org.apache.hadoop.mapred.MapTask.createSortingCollector(MapTask.java:403) ]
INFO:Map output collector class = org.apache.hadoop.mapred.MapTask$MapOutputBuffer
2024-12-10 09:51:33 上午 [Thread: LocalJobRunner Map Task Executor #0][ Class:org.apache.hadoop.mapred.LocalJobRunner >> Method: org.apache.hadoop.mapred.LocalJobRunner$Job.statusUpdate(LocalJobRunner.java:591) ]
INFO:
2024-12-10 09:51:33 上午 [Thread: LocalJobRunner Map Task Executor #0][ Class:org.apache.hadoop.mapred.MapTask >> Method: org.apache.hadoop.mapred.MapTask$MapOutputBuffer.flush(MapTask.java:1460) ]
INFO:Starting flush of map output
2024-12-10 09:51:33 上午 [Thread: LocalJobRunner Map Task Executor #0][ Class:org.apache.hadoop.mapred.MapTask >> Method: org.apache.hadoop.mapred.MapTask$MapOutputBuffer.flush(MapTask.java:1482) ]
INFO:Spilling map output
2024-12-10 09:51:33 上午 [Thread: LocalJobRunner Map Task Executor #0][ Class:org.apache.hadoop.mapred.MapTask >> Method: org.apache.hadoop.mapred.MapTask$MapOutputBuffer.flush(MapTask.java:1483) ]
INFO:bufstart = 0; bufend = 59; bufvoid = 104857600
2024-12-10 09:51:33 上午 [Thread: LocalJobRunner Map Task Executor #0][ Class:org.apache.hadoop.mapred.MapTask >> Method: org.apache.hadoop.mapred.MapTask$MapOutputBuffer.flush(MapTask.java:1485) ]
INFO:kvstart = 26214396(104857584); kvend = 26214376(104857504); length = 21/6553600
2024-12-10 09:51:33 上午 [Thread: LocalJobRunner Map Task Executor #0][ Class:org.apache.hadoop.mapred.MapTask >> Method: org.apache.hadoop.mapred.MapTask$MapOutputBuffer.sortAndSpill(MapTask.java:1667) ]
INFO:Finished spill 0
2024-12-10 09:51:33 上午 [Thread: LocalJobRunner Map Task Executor #0][ Class:org.apache.hadoop.mapred.Task >> Method: org.apache.hadoop.mapred.Task.done(Task.java:1046) ]
INFO:Task:attempt_local242806629_0001_m_000000_0 is done. And is in the process of committing
2024-12-10 09:51:33 上午 [Thread: LocalJobRunner Map Task Executor #0][ Class:org.apache.hadoop.mapred.LocalJobRunner >> Method: org.apache.hadoop.mapred.LocalJobRunner$Job.statusUpdate(LocalJobRunner.java:591) ]
INFO:map
2024-12-10 09:51:33 上午 [Thread: LocalJobRunner Map Task Executor #0][ Class:org.apache.hadoop.mapred.Task >> Method: org.apache.hadoop.mapred.Task.sendDone(Task.java:1184) ]
INFO:Task 'attempt_local242806629_0001_m_000000_0' done.
2024-12-10 09:51:33 上午 [Thread: LocalJobRunner Map Task Executor #0][ Class:org.apache.hadoop.mapred.Task >> Method: org.apache.hadoop.mapred.Task.done(Task.java:1080) ]
INFO:Final Counters for attempt_local242806629_0001_m_000000_0: Counters: 17
	File System Counters
		FILE: Number of bytes read=307
		FILE: Number of bytes written=304352
		FILE: Number of read operations=0
		FILE: Number of large read operations=0
		FILE: Number of write operations=0
	Map-Reduce Framework
		Map input records=3
		Map output records=6
		Map output bytes=59
		Map output materialized bytes=77
		Input split bytes=95
		Combine input records=0
		Spilled Records=6
		Failed Shuffles=0
		Merged Map outputs=0
		GC time elapsed (ms)=0
		Total committed heap usage (bytes)=262668288
	File Input Format Counters 
		Bytes Read=36
2024-12-10 09:51:33 上午 [Thread: LocalJobRunner Map Task Executor #0][ Class:org.apache.hadoop.mapred.LocalJobRunner >> Method: org.apache.hadoop.mapred.LocalJobRunner$Job$MapTaskRunnable.run(LocalJobRunner.java:249) ]
INFO:Finishing task: attempt_local242806629_0001_m_000000_0
2024-12-10 09:51:33 上午 [Thread: LocalJobRunner Map Task Executor #0][ Class:org.apache.hadoop.mapred.LocalJobRunner >> Method: org.apache.hadoop.mapred.LocalJobRunner$Job$MapTaskRunnable.run(LocalJobRunner.java:224) ]
INFO:Starting task: attempt_local242806629_0001_m_000001_0
2024-12-10 09:51:33 上午 [Thread: LocalJobRunner Map Task Executor #0][ Class:org.apache.hadoop.mapreduce.lib.output.FileOutputCommitter >> Method: org.apache.hadoop.mapreduce.lib.output.FileOutputCommitter.<init>(FileOutputCommitter.java:108) ]
INFO:File Output Committer Algorithm version is 1
2024-12-10 09:51:33 上午 [Thread: LocalJobRunner Map Task Executor #0][ Class:org.apache.hadoop.yarn.util.ProcfsBasedProcessTree >> Method: org.apache.hadoop.yarn.util.ProcfsBasedProcessTree.isAvailable(ProcfsBasedProcessTree.java:192) ]
INFO:ProcfsBasedProcessTree currently is supported only on Linux.
2024-12-10 09:51:33 上午 [Thread: LocalJobRunner Map Task Executor #0][ Class:org.apache.hadoop.mapred.Task >> Method: org.apache.hadoop.mapred.Task.initialize(Task.java:614) ]
INFO: Using ResourceCalculatorProcessTree : org.apache.hadoop.yarn.util.WindowsBasedProcessTree@b30b03b
2024-12-10 09:51:33 上午 [Thread: LocalJobRunner Map Task Executor #0][ Class:org.apache.hadoop.mapred.MapTask >> Method: org.apache.hadoop.mapred.MapTask.runNewMapper(MapTask.java:756) ]
INFO:Processing split: file:/D:/hadoop/input/新建文本文档.txt:0+13
2024-12-10 09:51:33 上午 [Thread: LocalJobRunner Map Task Executor #0][ Class:org.apache.hadoop.mapred.MapTask >> Method: org.apache.hadoop.mapred.MapTask$MapOutputBuffer.setEquator(MapTask.java:1205) ]
INFO:(EQUATOR) 0 kvi 26214396(104857584)
2024-12-10 09:51:33 上午 [Thread: LocalJobRunner Map Task Executor #0][ Class:org.apache.hadoop.mapred.MapTask >> Method: org.apache.hadoop.mapred.MapTask$MapOutputBuffer.init(MapTask.java:998) ]
INFO:mapreduce.task.io.sort.mb: 100
2024-12-10 09:51:33 上午 [Thread: LocalJobRunner Map Task Executor #0][ Class:org.apache.hadoop.mapred.MapTask >> Method: org.apache.hadoop.mapred.MapTask$MapOutputBuffer.init(MapTask.java:999) ]
INFO:soft limit at 83886080
2024-12-10 09:51:33 上午 [Thread: LocalJobRunner Map Task Executor #0][ Class:org.apache.hadoop.mapred.MapTask >> Method: org.apache.hadoop.mapred.MapTask$MapOutputBuffer.init(MapTask.java:1000) ]
INFO:bufstart = 0; bufvoid = 104857600
2024-12-10 09:51:33 上午 [Thread: LocalJobRunner Map Task Executor #0][ Class:org.apache.hadoop.mapred.MapTask >> Method: org.apache.hadoop.mapred.MapTask$MapOutputBuffer.init(MapTask.java:1001) ]
INFO:kvstart = 26214396; length = 6553600
2024-12-10 09:51:33 上午 [Thread: LocalJobRunner Map Task Executor #0][ Class:org.apache.hadoop.mapred.MapTask >> Method: org.apache.hadoop.mapred.MapTask.createSortingCollector(MapTask.java:403) ]
INFO:Map output collector class = org.apache.hadoop.mapred.MapTask$MapOutputBuffer
2024-12-10 09:51:33 上午 [Thread: LocalJobRunner Map Task Executor #0][ Class:org.apache.hadoop.mapred.LocalJobRunner >> Method: org.apache.hadoop.mapred.LocalJobRunner$Job.statusUpdate(LocalJobRunner.java:591) ]
INFO:
2024-12-10 09:51:33 上午 [Thread: LocalJobRunner Map Task Executor #0][ Class:org.apache.hadoop.mapred.MapTask >> Method: org.apache.hadoop.mapred.MapTask$MapOutputBuffer.flush(MapTask.java:1460) ]
INFO:Starting flush of map output
2024-12-10 09:51:33 上午 [Thread: LocalJobRunner Map Task Executor #0][ Class:org.apache.hadoop.mapred.MapTask >> Method: org.apache.hadoop.mapred.MapTask$MapOutputBuffer.flush(MapTask.java:1482) ]
INFO:Spilling map output
2024-12-10 09:51:33 上午 [Thread: LocalJobRunner Map Task Executor #0][ Class:org.apache.hadoop.mapred.MapTask >> Method: org.apache.hadoop.mapred.MapTask$MapOutputBuffer.flush(MapTask.java:1483) ]
INFO:bufstart = 0; bufend = 30; bufvoid = 104857600
2024-12-10 09:51:33 上午 [Thread: LocalJobRunner Map Task Executor #0][ Class:org.apache.hadoop.mapred.MapTask >> Method: org.apache.hadoop.mapred.MapTask$MapOutputBuffer.flush(MapTask.java:1485) ]
INFO:kvstart = 26214396(104857584); kvend = 26214380(104857520); length = 17/6553600
2024-12-10 09:51:33 上午 [Thread: LocalJobRunner Map Task Executor #0][ Class:org.apache.hadoop.mapred.MapTask >> Method: org.apache.hadoop.mapred.MapTask$MapOutputBuffer.sortAndSpill(MapTask.java:1667) ]
INFO:Finished spill 0
2024-12-10 09:51:33 上午 [Thread: LocalJobRunner Map Task Executor #0][ Class:org.apache.hadoop.mapred.Task >> Method: org.apache.hadoop.mapred.Task.done(Task.java:1046) ]
INFO:Task:attempt_local242806629_0001_m_000001_0 is done. And is in the process of committing
2024-12-10 09:51:33 上午 [Thread: LocalJobRunner Map Task Executor #0][ Class:org.apache.hadoop.mapred.LocalJobRunner >> Method: org.apache.hadoop.mapred.LocalJobRunner$Job.statusUpdate(LocalJobRunner.java:591) ]
INFO:map
2024-12-10 09:51:33 上午 [Thread: LocalJobRunner Map Task Executor #0][ Class:org.apache.hadoop.mapred.Task >> Method: org.apache.hadoop.mapred.Task.sendDone(Task.java:1184) ]
INFO:Task 'attempt_local242806629_0001_m_000001_0' done.
2024-12-10 09:51:33 上午 [Thread: LocalJobRunner Map Task Executor #0][ Class:org.apache.hadoop.mapred.Task >> Method: org.apache.hadoop.mapred.Task.done(Task.java:1080) ]
INFO:Final Counters for attempt_local242806629_0001_m_000001_0: Counters: 17
	File System Counters
		FILE: Number of bytes read=543
		FILE: Number of bytes written=304430
		FILE: Number of read operations=0
		FILE: Number of large read operations=0
		FILE: Number of write operations=0
	Map-Reduce Framework
		Map input records=5
		Map output records=5
		Map output bytes=30
		Map output materialized bytes=46
		Input split bytes=109
		Combine input records=0
		Spilled Records=5
		Failed Shuffles=0
		Merged Map outputs=0
		GC time elapsed (ms)=0
		Total committed heap usage (bytes)=368050176
	File Input Format Counters 
		Bytes Read=13
2024-12-10 09:51:33 上午 [Thread: LocalJobRunner Map Task Executor #0][ Class:org.apache.hadoop.mapred.LocalJobRunner >> Method: org.apache.hadoop.mapred.LocalJobRunner$Job$MapTaskRunnable.run(LocalJobRunner.java:249) ]
INFO:Finishing task: attempt_local242806629_0001_m_000001_0
2024-12-10 09:51:33 上午 [Thread: Thread-5][ Class:org.apache.hadoop.mapred.LocalJobRunner >> Method: org.apache.hadoop.mapred.LocalJobRunner$Job.runTasks(LocalJobRunner.java:456) ]
INFO:map task executor complete.
2024-12-10 09:51:33 上午 [Thread: Thread-5][ Class:org.apache.hadoop.mapred.LocalJobRunner >> Method: org.apache.hadoop.mapred.LocalJobRunner$Job.runTasks(LocalJobRunner.java:448) ]
INFO:Waiting for reduce tasks
2024-12-10 09:51:33 上午 [Thread: pool-3-thread-1][ Class:org.apache.hadoop.mapred.LocalJobRunner >> Method: org.apache.hadoop.mapred.LocalJobRunner$Job$ReduceTaskRunnable.run(LocalJobRunner.java:302) ]
INFO:Starting task: attempt_local242806629_0001_r_000000_0
2024-12-10 09:51:33 上午 [Thread: pool-3-thread-1][ Class:org.apache.hadoop.mapreduce.lib.output.FileOutputCommitter >> Method: org.apache.hadoop.mapreduce.lib.output.FileOutputCommitter.<init>(FileOutputCommitter.java:108) ]
INFO:File Output Committer Algorithm version is 1
2024-12-10 09:51:33 上午 [Thread: pool-3-thread-1][ Class:org.apache.hadoop.yarn.util.ProcfsBasedProcessTree >> Method: org.apache.hadoop.yarn.util.ProcfsBasedProcessTree.isAvailable(ProcfsBasedProcessTree.java:192) ]
INFO:ProcfsBasedProcessTree currently is supported only on Linux.
2024-12-10 09:51:33 上午 [Thread: pool-3-thread-1][ Class:org.apache.hadoop.mapred.Task >> Method: org.apache.hadoop.mapred.Task.initialize(Task.java:614) ]
INFO: Using ResourceCalculatorProcessTree : org.apache.hadoop.yarn.util.WindowsBasedProcessTree@77b47eb3
2024-12-10 09:51:33 上午 [Thread: pool-3-thread-1][ Class:org.apache.hadoop.mapred.ReduceTask >> Method: org.apache.hadoop.mapred.ReduceTask.run(ReduceTask.java:362) ]
INFO:Using ShuffleConsumerPlugin: org.apache.hadoop.mapreduce.task.reduce.Shuffle@384f808e
2024-12-10 09:51:33 上午 [Thread: pool-3-thread-1][ Class:org.apache.hadoop.mapreduce.task.reduce.MergeManagerImpl >> Method: org.apache.hadoop.mapreduce.task.reduce.MergeManagerImpl.<init>(MergeManagerImpl.java:205) ]
INFO:MergerManager: memoryLimit=1285606528, maxSingleShuffleLimit=321401632, mergeThreshold=848500352, ioSortFactor=10, memToMemMergeOutputsThreshold=10
2024-12-10 09:51:33 上午 [Thread: EventFetcher for fetching Map Completion Events][ Class:org.apache.hadoop.mapreduce.task.reduce.EventFetcher >> Method: org.apache.hadoop.mapreduce.task.reduce.EventFetcher.run(EventFetcher.java:61) ]
INFO:attempt_local242806629_0001_r_000000_0 Thread started: EventFetcher for fetching Map Completion Events
2024-12-10 09:51:33 上午 [Thread: localfetcher#1][ Class:org.apache.hadoop.mapreduce.task.reduce.LocalFetcher >> Method: org.apache.hadoop.mapreduce.task.reduce.LocalFetcher.copyMapOutput(LocalFetcher.java:144) ]
INFO:localfetcher#1 about to shuffle output of map attempt_local242806629_0001_m_000001_0 decomp: 42 len: 46 to MEMORY
2024-12-10 09:51:33 上午 [Thread: localfetcher#1][ Class:org.apache.hadoop.mapreduce.task.reduce.InMemoryMapOutput >> Method: org.apache.hadoop.mapreduce.task.reduce.InMemoryMapOutput.shuffle(InMemoryMapOutput.java:100) ]
INFO:Read 42 bytes from map-output for attempt_local242806629_0001_m_000001_0
2024-12-10 09:51:33 上午 [Thread: localfetcher#1][ Class:org.apache.hadoop.mapreduce.task.reduce.MergeManagerImpl >> Method: org.apache.hadoop.mapreduce.task.reduce.MergeManagerImpl.closeInMemoryFile(MergeManagerImpl.java:319) ]
INFO:closeInMemoryFile -> map-output of size: 42, inMemoryMapOutputs.size() -> 1, commitMemory -> 0, usedMemory ->42
2024-12-10 09:51:33 上午 [Thread: localfetcher#1][ Class:org.apache.hadoop.mapreduce.task.reduce.LocalFetcher >> Method: org.apache.hadoop.mapreduce.task.reduce.LocalFetcher.copyMapOutput(LocalFetcher.java:144) ]
INFO:localfetcher#1 about to shuffle output of map attempt_local242806629_0001_m_000000_0 decomp: 73 len: 77 to MEMORY
2024-12-10 09:51:33 上午 [Thread: localfetcher#1][ Class:org.apache.hadoop.mapreduce.task.reduce.InMemoryMapOutput >> Method: org.apache.hadoop.mapreduce.task.reduce.InMemoryMapOutput.shuffle(InMemoryMapOutput.java:100) ]
INFO:Read 73 bytes from map-output for attempt_local242806629_0001_m_000000_0
2024-12-10 09:51:33 上午 [Thread: localfetcher#1][ Class:org.apache.hadoop.mapreduce.task.reduce.MergeManagerImpl >> Method: org.apache.hadoop.mapreduce.task.reduce.MergeManagerImpl.closeInMemoryFile(MergeManagerImpl.java:319) ]
INFO:closeInMemoryFile -> map-output of size: 73, inMemoryMapOutputs.size() -> 2, commitMemory -> 42, usedMemory ->115
2024-12-10 09:51:33 上午 [Thread: EventFetcher for fetching Map Completion Events][ Class:org.apache.hadoop.mapreduce.task.reduce.EventFetcher >> Method: org.apache.hadoop.mapreduce.task.reduce.EventFetcher.run(EventFetcher.java:76) ]
INFO:EventFetcher is interrupted.. Returning
2024-12-10 09:51:33 上午 [Thread: pool-3-thread-1][ Class:org.apache.hadoop.mapred.LocalJobRunner >> Method: org.apache.hadoop.mapred.LocalJobRunner$Job.statusUpdate(LocalJobRunner.java:591) ]
INFO:2 / 2 copied.
2024-12-10 09:51:33 上午 [Thread: pool-3-thread-1][ Class:org.apache.hadoop.mapreduce.task.reduce.MergeManagerImpl >> Method: org.apache.hadoop.mapreduce.task.reduce.MergeManagerImpl.finalMerge(MergeManagerImpl.java:691) ]
INFO:finalMerge called with 2 in-memory map-outputs and 0 on-disk map-outputs
2024-12-10 09:51:33 上午 [Thread: pool-3-thread-1][ Class:org.apache.hadoop.mapred.Merger >> Method: org.apache.hadoop.mapred.Merger$MergeQueue.merge(Merger.java:606) ]
INFO:Merging 2 sorted segments
2024-12-10 09:51:33 上午 [Thread: pool-3-thread-1][ Class:org.apache.hadoop.mapred.Merger >> Method: org.apache.hadoop.mapred.Merger$MergeQueue.merge(Merger.java:705) ]
INFO:Down to the last merge-pass, with 2 segments left of total size: 103 bytes
2024-12-10 09:51:33 上午 [Thread: pool-3-thread-1][ Class:org.apache.hadoop.mapreduce.task.reduce.MergeManagerImpl >> Method: org.apache.hadoop.mapreduce.task.reduce.MergeManagerImpl.finalMerge(MergeManagerImpl.java:758) ]
INFO:Merged 2 segments, 115 bytes to disk to satisfy reduce memory limit
2024-12-10 09:51:33 上午 [Thread: pool-3-thread-1][ Class:org.apache.hadoop.mapreduce.task.reduce.MergeManagerImpl >> Method: org.apache.hadoop.mapreduce.task.reduce.MergeManagerImpl.finalMerge(MergeManagerImpl.java:788) ]
INFO:Merging 1 files, 117 bytes from disk
2024-12-10 09:51:33 上午 [Thread: pool-3-thread-1][ Class:org.apache.hadoop.mapreduce.task.reduce.MergeManagerImpl >> Method: org.apache.hadoop.mapreduce.task.reduce.MergeManagerImpl.finalMerge(MergeManagerImpl.java:803) ]
INFO:Merging 0 segments, 0 bytes from memory into reduce
2024-12-10 09:51:33 上午 [Thread: pool-3-thread-1][ Class:org.apache.hadoop.mapred.Merger >> Method: org.apache.hadoop.mapred.Merger$MergeQueue.merge(Merger.java:606) ]
INFO:Merging 1 sorted segments
2024-12-10 09:51:33 上午 [Thread: pool-3-thread-1][ Class:org.apache.hadoop.mapred.Merger >> Method: org.apache.hadoop.mapred.Merger$MergeQueue.merge(Merger.java:705) ]
INFO:Down to the last merge-pass, with 1 segments left of total size: 109 bytes
2024-12-10 09:51:33 上午 [Thread: pool-3-thread-1][ Class:org.apache.hadoop.mapred.LocalJobRunner >> Method: org.apache.hadoop.mapred.LocalJobRunner$Job.statusUpdate(LocalJobRunner.java:591) ]
INFO:2 / 2 copied.
2024-12-10 09:51:33 上午 [Thread: pool-3-thread-1][ Class:org.apache.hadoop.conf.Configuration.deprecation >> Method: org.apache.hadoop.conf.Configuration.warnOnceIfDeprecated(Configuration.java:1243) ]
INFO:mapred.skip.on is deprecated. Instead, use mapreduce.job.skiprecords
2024-12-10 09:51:33 上午 [Thread: pool-3-thread-1][ Class:org.apache.hadoop.mapred.Task >> Method: org.apache.hadoop.mapred.Task.done(Task.java:1046) ]
INFO:Task:attempt_local242806629_0001_r_000000_0 is done. And is in the process of committing
2024-12-10 09:51:33 上午 [Thread: pool-3-thread-1][ Class:org.apache.hadoop.mapred.LocalJobRunner >> Method: org.apache.hadoop.mapred.LocalJobRunner$Job.statusUpdate(LocalJobRunner.java:591) ]
INFO:2 / 2 copied.
2024-12-10 09:51:33 上午 [Thread: pool-3-thread-1][ Class:org.apache.hadoop.mapred.Task >> Method: org.apache.hadoop.mapred.Task.commit(Task.java:1225) ]
INFO:Task attempt_local242806629_0001_r_000000_0 is allowed to commit now
2024-12-10 09:51:33 上午 [Thread: pool-3-thread-1][ Class:org.apache.hadoop.mapreduce.lib.output.FileOutputCommitter >> Method: org.apache.hadoop.mapreduce.lib.output.FileOutputCommitter.commitTask(FileOutputCommitter.java:535) ]
INFO:Saved output of task 'attempt_local242806629_0001_r_000000_0' to file:/D:/hadoop/output/_temporary/0/task_local242806629_0001_r_000000
2024-12-10 09:51:33 上午 [Thread: pool-3-thread-1][ Class:org.apache.hadoop.mapred.LocalJobRunner >> Method: org.apache.hadoop.mapred.LocalJobRunner$Job.statusUpdate(LocalJobRunner.java:591) ]
INFO:reduce > reduce
2024-12-10 09:51:33 上午 [Thread: pool-3-thread-1][ Class:org.apache.hadoop.mapred.Task >> Method: org.apache.hadoop.mapred.Task.sendDone(Task.java:1184) ]
INFO:Task 'attempt_local242806629_0001_r_000000_0' done.
2024-12-10 09:51:33 上午 [Thread: pool-3-thread-1][ Class:org.apache.hadoop.mapred.Task >> Method: org.apache.hadoop.mapred.Task.done(Task.java:1080) ]
INFO:Final Counters for attempt_local242806629_0001_r_000000_0: Counters: 24
	File System Counters
		FILE: Number of bytes read=847
		FILE: Number of bytes written=304598
		FILE: Number of read operations=0
		FILE: Number of large read operations=0
		FILE: Number of write operations=0
	Map-Reduce Framework
		Combine input records=0
		Combine output records=0
		Reduce input groups=6
		Reduce shuffle bytes=123
		Reduce input records=11
		Reduce output records=6
		Spilled Records=11
		Shuffled Maps =2
		Failed Shuffles=0
		Merged Map outputs=2
		GC time elapsed (ms)=0
		Total committed heap usage (bytes)=368050176
	Shuffle Errors
		BAD_ID=0
		CONNECTION=0
		IO_ERROR=0
		WRONG_LENGTH=0
		WRONG_MAP=0
		WRONG_REDUCE=0
	File Output Format Counters 
		Bytes Written=51
2024-12-10 09:51:33 上午 [Thread: pool-3-thread-1][ Class:org.apache.hadoop.mapred.LocalJobRunner >> Method: org.apache.hadoop.mapred.LocalJobRunner$Job$ReduceTaskRunnable.run(LocalJobRunner.java:325) ]
INFO:Finishing task: attempt_local242806629_0001_r_000000_0
2024-12-10 09:51:33 上午 [Thread: Thread-5][ Class:org.apache.hadoop.mapred.LocalJobRunner >> Method: org.apache.hadoop.mapred.LocalJobRunner$Job.runTasks(LocalJobRunner.java:456) ]
INFO:reduce task executor complete.
2024-12-10 09:51:34 上午 [Thread: main][ Class:org.apache.hadoop.mapreduce.Job >> Method: org.apache.hadoop.mapreduce.Job.monitorAndPrintJob(Job.java:1360) ]
INFO:Job job_local242806629_0001 running in uber mode : false
2024-12-10 09:51:34 上午 [Thread: main][ Class:org.apache.hadoop.mapreduce.Job >> Method: org.apache.hadoop.mapreduce.Job.monitorAndPrintJob(Job.java:1367) ]
INFO: map 100% reduce 100%
2024-12-10 09:51:34 上午 [Thread: main][ Class:org.apache.hadoop.mapreduce.Job >> Method: org.apache.hadoop.mapreduce.Job.monitorAndPrintJob(Job.java:1378) ]
INFO:Job job_local242806629_0001 completed successfully
2024-12-10 09:51:34 上午 [Thread: main][ Class:org.apache.hadoop.mapreduce.Job >> Method: org.apache.hadoop.mapreduce.Job.monitorAndPrintJob(Job.java:1385) ]
INFO:Counters: 30
	File System Counters
		FILE: Number of bytes read=1697
		FILE: Number of bytes written=913380
		FILE: Number of read operations=0
		FILE: Number of large read operations=0
		FILE: Number of write operations=0
	Map-Reduce Framework
		Map input records=8
		Map output records=11
		Map output bytes=89
		Map output materialized bytes=123
		Input split bytes=204
		Combine input records=0
		Combine output records=0
		Reduce input groups=6
		Reduce shuffle bytes=123
		Reduce input records=11
		Reduce output records=6
		Spilled Records=22
		Shuffled Maps =2
		Failed Shuffles=0
		Merged Map outputs=2
		GC time elapsed (ms)=0
		Total committed heap usage (bytes)=998768640
	Shuffle Errors
		BAD_ID=0
		CONNECTION=0
		IO_ERROR=0
		WRONG_LENGTH=0
		WRONG_MAP=0
		WRONG_REDUCE=0
	File Input Format Counters 
		Bytes Read=49
	File Output Format Counters 
		Bytes Written=51
